Copying from /c/Users/Maria Isabel/AIs/AI-0057 to cepa@arquivos.atp.usp.br:/work/PUBLICACAO/atividades-interativas/AI-0057
building file list ... done
./
AI-0057_SCO.zip
index.html
css/
css/smoothness/
css/smoothness/images/
css/ui-lightness/
css/ui-lightness/images/
jar/
jar/geogebra.jar
jar/geogebra_algos.jar
jar/geogebra_cas.jar
jar/geogebra_export.jar
jar/geogebra_gui.jar
jar/geogebra_javascript.jar
jar/geogebra_main.jar
jar/geogebra_properties.jar
jar/jlatexmath.jar
jar/jlm_cyrillic.jar
jar/jlm_greek.jar
js/

sent 15320301 bytes  received 1759 bytes  6128824.00 bytes/sec
total size is 15838299  speedup is 1.03
